<?xml version="1.0" encoding="UTF-8"?>
<!-- Generated by org.testng.reporters.JUnitReportReporter -->
<testsuite skipped="0" hostname="Bhagyeshs-MacBook-Pro.local" name="example.TestNGParallel" tests="4" failures="0" timestamp="2020-12-18T01:21:38 IST" time="214.510" errors="0">
  <testcase name="test4" time="53.988" classname="example.TestNGParallel"/>
  <system-out/>
  <testcase name="test1" time="33.930" classname="example.TestNGParallel"/>
  <system-out/>
  <testcase name="test2" time="55.892" classname="example.TestNGParallel"/>
  <system-out/>
  <testcase name="test3" time="70.700" classname="example.TestNGParallel"/>
  <system-out/>
</testsuite> <!-- example.TestNGParallel -->
