<?xml version="1.0" encoding="UTF-8"?>
<!-- Generated by org.testng.reporters.JUnitReportReporter -->
<testsuite skipped="0" hostname="Bhagyeshs-MacBook-Pro.local" name="example.Local" tests="1" failures="0" timestamp="2020-12-17T18:05:17 IST" time="42.739" errors="0">
  <testcase name="f" time="42.739" classname="example.Local"/>
  <system-out/>
</testsuite> <!-- example.Local -->
