<?xml version="1.0" encoding="UTF-8"?>
<!-- Generated by org.testng.reporters.JUnitReportReporter -->
<testsuite hostname="Bhagyeshs-MacBook-Pro.local" name="example.NewTest" tests="1" failures="0" timestamp="17 Dec 2020 07:08:46 GMT" time="53.014" errors="0">
  <testcase name="f" time="53.014" classname="example.NewTest"/>
</testsuite> <!-- example.NewTest -->
